<?xml version="1.0" encoding="UTF-8"?>
<testsuite xmlns:xsi="http://www.w3.org/2001/XMLSchema-instance" xsi:noNamespaceSchemaLocation="https://maven.apache.org/surefire/maven-surefire-plugin/xsd/surefire-test-report-3.0.xsd" version="3.0" name="com.epam.brest.summer.courses2019.dao.RentalDaoJdbcImplTest" time="0.043" tests="6" errors="3" skipped="0" failures="0">
  <properties>
    <property name="sun.desktop" value="gnome"/>
    <property name="awt.toolkit" value="sun.awt.X11.XToolkit"/>
    <property name="java.specification.version" value="11"/>
    <property name="sun.cpu.isalist" value=""/>
    <property name="sun.jnu.encoding" value="UTF-8"/>
    <property name="java.class.path" value="/home/ihnat/development/ihnat-misiyuk/car-rental/dao/target/test-classes:/home/ihnat/development/ihnat-misiyuk/car-rental/dao/target/classes:/home/ihnat/development/ihnat-misiyuk/car-rental/model/target/model-1.0-SNAPSHOT.jar:/home/ihnat/development/ihnat-misiyuk/car-rental/dao-api/target/dao-api-1.0-SNAPSHOT.jar:/home/ihnat/development/ihnat-misiyuk/car-rental/test-db/target/test-db-1.0-SNAPSHOT.jar:/home/ihnat/.m2/repository/org/springframework/spring-context/5.1.8.RELEASE/spring-context-5.1.8.RELEASE.jar:/home/ihnat/.m2/repository/org/springframework/spring-aop/5.1.8.RELEASE/spring-aop-5.1.8.RELEASE.jar:/home/ihnat/.m2/repository/org/springframework/spring-expression/5.1.8.RELEASE/spring-expression-5.1.8.RELEASE.jar:/home/ihnat/.m2/repository/org/springframework/spring-core/5.1.8.RELEASE/spring-core-5.1.8.RELEASE.jar:/home/ihnat/.m2/repository/org/springframework/spring-jcl/5.1.8.RELEASE/spring-jcl-5.1.8.RELEASE.jar:/home/ihnat/.m2/repository/org/springframework/spring-beans/5.1.8.RELEASE/spring-beans-5.1.8.RELEASE.jar:/home/ihnat/.m2/repository/org/springframework/spring-jdbc/5.1.8.RELEASE/spring-jdbc-5.1.8.RELEASE.jar:/home/ihnat/.m2/repository/org/springframework/spring-tx/5.1.8.RELEASE/spring-tx-5.1.8.RELEASE.jar:/home/ihnat/.m2/repository/org/springframework/spring-test/5.1.8.RELEASE/spring-test-5.1.8.RELEASE.jar:/home/ihnat/.m2/repository/org/junit/jupiter/junit-jupiter-api/5.2.0/junit-jupiter-api-5.2.0.jar:/home/ihnat/.m2/repository/org/apiguardian/apiguardian-api/1.0.0/apiguardian-api-1.0.0.jar:/home/ihnat/.m2/repository/org/opentest4j/opentest4j/1.1.0/opentest4j-1.1.0.jar:/home/ihnat/.m2/repository/org/junit/platform/junit-platform-commons/1.2.0/junit-platform-commons-1.2.0.jar:/home/ihnat/.m2/repository/org/junit/vintage/junit-vintage-engine/5.2.0/junit-vintage-engine-5.2.0.jar:/home/ihnat/.m2/repository/org/junit/platform/junit-platform-engine/1.2.0/junit-platform-engine-1.2.0.jar:/home/ihnat/.m2/repository/junit/junit/4.12/junit-4.12.jar:/home/ihnat/.m2/repository/org/hamcrest/hamcrest-core/1.3/hamcrest-core-1.3.jar:/home/ihnat/.m2/repository/org/junit/jupiter/junit-jupiter-engine/5.2.0/junit-jupiter-engine-5.2.0.jar:/home/ihnat/.m2/repository/com/h2database/h2/1.4.199/h2-1.4.199.jar:/home/ihnat/.m2/repository/org/slf4j/slf4j-api/1.7.25/slf4j-api-1.7.25.jar:/home/ihnat/.m2/repository/ch/qos/logback/logback-core/1.2.3/logback-core-1.2.3.jar:/home/ihnat/.m2/repository/ch/qos/logback/logback-classic/1.2.3/logback-classic-1.2.3.jar:"/>
    <property name="java.vm.vendor" value="Ubuntu"/>
    <property name="sun.arch.data.model" value="64"/>
    <property name="java.vendor.url" value="https://ubuntu.com/"/>
    <property name="user.timezone" value=""/>
    <property name="java.vm.specification.version" value="11"/>
    <property name="os.name" value="Linux"/>
    <property name="sun.java.launcher" value="SUN_STANDARD"/>
    <property name="user.country" value="RU"/>
    <property name="sun.boot.library.path" value="/usr/lib/jvm/java-11-openjdk-amd64/lib"/>
    <property name="sun.java.command" value="/home/ihnat/development/ihnat-misiyuk/car-rental/dao/target/surefire/surefirebooter2963551496466966047.jar /home/ihnat/development/ihnat-misiyuk/car-rental/dao/target/surefire 2019-09-05T18-12-52_726-jvmRun1 surefire17640037271701292448tmp surefire_116002033931501288513tmp"/>
    <property name="jdk.debug" value="release"/>
    <property name="surefire.test.class.path" value="/home/ihnat/development/ihnat-misiyuk/car-rental/dao/target/test-classes:/home/ihnat/development/ihnat-misiyuk/car-rental/dao/target/classes:/home/ihnat/development/ihnat-misiyuk/car-rental/model/target/model-1.0-SNAPSHOT.jar:/home/ihnat/development/ihnat-misiyuk/car-rental/dao-api/target/dao-api-1.0-SNAPSHOT.jar:/home/ihnat/development/ihnat-misiyuk/car-rental/test-db/target/test-db-1.0-SNAPSHOT.jar:/home/ihnat/.m2/repository/org/springframework/spring-context/5.1.8.RELEASE/spring-context-5.1.8.RELEASE.jar:/home/ihnat/.m2/repository/org/springframework/spring-aop/5.1.8.RELEASE/spring-aop-5.1.8.RELEASE.jar:/home/ihnat/.m2/repository/org/springframework/spring-expression/5.1.8.RELEASE/spring-expression-5.1.8.RELEASE.jar:/home/ihnat/.m2/repository/org/springframework/spring-core/5.1.8.RELEASE/spring-core-5.1.8.RELEASE.jar:/home/ihnat/.m2/repository/org/springframework/spring-jcl/5.1.8.RELEASE/spring-jcl-5.1.8.RELEASE.jar:/home/ihnat/.m2/repository/org/springframework/spring-beans/5.1.8.RELEASE/spring-beans-5.1.8.RELEASE.jar:/home/ihnat/.m2/repository/org/springframework/spring-jdbc/5.1.8.RELEASE/spring-jdbc-5.1.8.RELEASE.jar:/home/ihnat/.m2/repository/org/springframework/spring-tx/5.1.8.RELEASE/spring-tx-5.1.8.RELEASE.jar:/home/ihnat/.m2/repository/org/springframework/spring-test/5.1.8.RELEASE/spring-test-5.1.8.RELEASE.jar:/home/ihnat/.m2/repository/org/junit/jupiter/junit-jupiter-api/5.2.0/junit-jupiter-api-5.2.0.jar:/home/ihnat/.m2/repository/org/apiguardian/apiguardian-api/1.0.0/apiguardian-api-1.0.0.jar:/home/ihnat/.m2/repository/org/opentest4j/opentest4j/1.1.0/opentest4j-1.1.0.jar:/home/ihnat/.m2/repository/org/junit/platform/junit-platform-commons/1.2.0/junit-platform-commons-1.2.0.jar:/home/ihnat/.m2/repository/org/junit/vintage/junit-vintage-engine/5.2.0/junit-vintage-engine-5.2.0.jar:/home/ihnat/.m2/repository/org/junit/platform/junit-platform-engine/1.2.0/junit-platform-engine-1.2.0.jar:/home/ihnat/.m2/repository/junit/junit/4.12/junit-4.12.jar:/home/ihnat/.m2/repository/org/hamcrest/hamcrest-core/1.3/hamcrest-core-1.3.jar:/home/ihnat/.m2/repository/org/junit/jupiter/junit-jupiter-engine/5.2.0/junit-jupiter-engine-5.2.0.jar:/home/ihnat/.m2/repository/com/h2database/h2/1.4.199/h2-1.4.199.jar:/home/ihnat/.m2/repository/org/slf4j/slf4j-api/1.7.25/slf4j-api-1.7.25.jar:/home/ihnat/.m2/repository/ch/qos/logback/logback-core/1.2.3/logback-core-1.2.3.jar:/home/ihnat/.m2/repository/ch/qos/logback/logback-classic/1.2.3/logback-classic-1.2.3.jar:"/>
    <property name="sun.cpu.endian" value="little"/>
    <property name="user.home" value="/home/ihnat"/>
    <property name="user.language" value="ru"/>
    <property name="java.specification.vendor" value="Oracle Corporation"/>
    <property name="java.version.date" value="2019-07-16"/>
    <property name="java.home" value="/usr/lib/jvm/java-11-openjdk-amd64"/>
    <property name="file.separator" value="/"/>
    <property name="basedir" value="/home/ihnat/development/ihnat-misiyuk/car-rental/dao"/>
    <property name="java.vm.compressedOopsMode" value="32-bit"/>
    <property name="line.separator" value="&#10;"/>
    <property name="java.specification.name" value="Java Platform API Specification"/>
    <property name="java.vm.specification.vendor" value="Oracle Corporation"/>
    <property name="java.awt.graphicsenv" value="sun.awt.X11GraphicsEnvironment"/>
    <property name="surefire.real.class.path" value="/home/ihnat/development/ihnat-misiyuk/car-rental/dao/target/surefire/surefirebooter2963551496466966047.jar"/>
    <property name="sun.management.compiler" value="HotSpot 64-Bit Tiered Compilers"/>
    <property name="java.runtime.version" value="11.0.4+11-post-Ubuntu-1ubuntu218.04.3"/>
    <property name="user.name" value="ihnat"/>
    <property name="path.separator" value=":"/>
    <property name="os.version" value="5.0.0-27-generic"/>
    <property name="java.runtime.name" value="OpenJDK Runtime Environment"/>
    <property name="file.encoding" value="UTF-8"/>
    <property name="java.vm.name" value="OpenJDK 64-Bit Server VM"/>
    <property name="localRepository" value="/home/ihnat/.m2/repository"/>
    <property name="java.vendor.url.bug" value="https://bugs.launchpad.net/ubuntu/+source/openjdk-lts"/>
    <property name="java.io.tmpdir" value="/tmp"/>
    <property name="java.version" value="11.0.4"/>
    <property name="user.dir" value="/home/ihnat/development/ihnat-misiyuk/car-rental/dao"/>
    <property name="os.arch" value="amd64"/>
    <property name="java.vm.specification.name" value="Java Virtual Machine Specification"/>
    <property name="java.awt.printerjob" value="sun.print.PSPrinterJob"/>
    <property name="sun.os.patch.level" value="unknown"/>
    <property name="java.library.path" value="/usr/java/packages/lib:/usr/lib/x86_64-linux-gnu/jni:/lib/x86_64-linux-gnu:/usr/lib/x86_64-linux-gnu:/usr/lib/jni:/lib:/usr/lib"/>
    <property name="java.vendor" value="Ubuntu"/>
    <property name="java.vm.info" value="mixed mode, sharing"/>
    <property name="java.vm.version" value="11.0.4+11-post-Ubuntu-1ubuntu218.04.3"/>
    <property name="sun.io.unicode.encoding" value="UnicodeLittle"/>
    <property name="java.class.version" value="55.0"/>
  </properties>
  <testcase name="delete" classname="com.epam.brest.summer.courses2019.dao.RentalDaoJdbcImplTest" time="0.001">
    <error message="No value supplied for the SQL parameter &apos;rentalId&apos;: No value registered for key &apos;rentalId&apos;" type="org.springframework.dao.InvalidDataAccessApiUsageException">org.springframework.dao.InvalidDataAccessApiUsageException: No value supplied for the SQL parameter 'rentalId': No value registered for key 'rentalId'
	at com.epam.brest.summer.courses2019.dao.RentalDaoJdbcImplTest.delete(RentalDaoJdbcImplTest.java:74)
</error>
    <system-out><![CDATA[18:12:58.213 [main] DEBUG o.s.t.a.ProfileValueUtils - Retrieved @ProfileValueSourceConfiguration [null] for test class [com.epam.brest.summer.courses2019.dao.RentalDaoJdbcImplTest]
18:12:58.213 [main] DEBUG o.s.t.a.ProfileValueUtils - Retrieved ProfileValueSource type [class org.springframework.test.annotation.SystemProfileValueSource] for class [com.epam.brest.summer.courses2019.dao.RentalDaoJdbcImplTest]
18:12:58.213 [main] DEBUG o.s.t.a.ProfileValueUtils - Retrieved @ProfileValueSourceConfiguration [null] for test class [com.epam.brest.summer.courses2019.dao.RentalDaoJdbcImplTest]
18:12:58.213 [main] DEBUG o.s.t.a.ProfileValueUtils - Retrieved ProfileValueSource type [class org.springframework.test.annotation.SystemProfileValueSource] for class [com.epam.brest.summer.courses2019.dao.RentalDaoJdbcImplTest]
18:12:58.213 [main] DEBUG o.s.t.a.ProfileValueUtils - Retrieved @ProfileValueSourceConfiguration [null] for test class [com.epam.brest.summer.courses2019.dao.RentalDaoJdbcImplTest]
18:12:58.213 [main] DEBUG o.s.t.a.ProfileValueUtils - Retrieved ProfileValueSource type [class org.springframework.test.annotation.SystemProfileValueSource] for class [com.epam.brest.summer.courses2019.dao.RentalDaoJdbcImplTest]
18:12:58.214 [main] DEBUG o.s.t.c.s.AbstractDirtiesContextTestExecutionListener - Before test class: context [DefaultTestContext@62b92df8 testClass = RentalDaoJdbcImplTest, testInstance = [null], testMethod = [null], testException = [null], mergedContextConfiguration = [MergedContextConfiguration@2c227f74 testClass = RentalDaoJdbcImplTest, locations = '{classpath*:test-db.xml, classpath*:test-dao.xml}', classes = '{}', contextInitializerClasses = '[]', activeProfiles = '{}', propertySourceLocations = '{}', propertySourceProperties = '{}', contextCustomizers = set[[empty]], contextLoader = 'org.springframework.test.context.support.DelegatingSmartContextLoader', parent = [null]], attributes = map[[empty]]], class annotated with @DirtiesContext [false] with mode [null].
18:12:58.214 [main] DEBUG o.s.t.a.ProfileValueUtils - Retrieved @ProfileValueSourceConfiguration [null] for test class [com.epam.brest.summer.courses2019.dao.RentalDaoJdbcImplTest]
18:12:58.214 [main] DEBUG o.s.t.a.ProfileValueUtils - Retrieved ProfileValueSource type [class org.springframework.test.annotation.SystemProfileValueSource] for class [com.epam.brest.summer.courses2019.dao.RentalDaoJdbcImplTest]
18:12:58.214 [main] DEBUG o.s.t.c.s.DependencyInjectionTestExecutionListener - Performing dependency injection for test context [[DefaultTestContext@62b92df8 testClass = RentalDaoJdbcImplTest, testInstance = com.epam.brest.summer.courses2019.dao.RentalDaoJdbcImplTest@59e285e, testMethod = [null], testException = [null], mergedContextConfiguration = [MergedContextConfiguration@2c227f74 testClass = RentalDaoJdbcImplTest, locations = '{classpath*:test-db.xml, classpath*:test-dao.xml}', classes = '{}', contextInitializerClasses = '[]', activeProfiles = '{}', propertySourceLocations = '{}', propertySourceProperties = '{}', contextCustomizers = set[[empty]], contextLoader = 'org.springframework.test.context.support.DelegatingSmartContextLoader', parent = [null]], attributes = map[[empty]]]].
18:12:58.214 [main] DEBUG o.s.t.c.c.DefaultCacheAwareContextLoaderDelegate - Retrieved ApplicationContext from cache with key [[MergedContextConfiguration@2c227f74 testClass = RentalDaoJdbcImplTest, locations = '{classpath*:test-db.xml, classpath*:test-dao.xml}', classes = '{}', contextInitializerClasses = '[]', activeProfiles = '{}', propertySourceLocations = '{}', propertySourceProperties = '{}', contextCustomizers = set[[empty]], contextLoader = 'org.springframework.test.context.support.DelegatingSmartContextLoader', parent = [null]]]
18:12:58.214 [main] DEBUG o.s.t.c.cache - Spring test ApplicationContext cache statistics: [DefaultContextCache@290def7d size = 1, maxSize = 32, parentContextCount = 0, hitCount = 12, missCount = 1]
18:12:58.216 [main] DEBUG o.s.t.c.s.AbstractDirtiesContextTestExecutionListener - Before test method: context [DefaultTestContext@62b92df8 testClass = RentalDaoJdbcImplTest, testInstance = com.epam.brest.summer.courses2019.dao.RentalDaoJdbcImplTest@59e285e, testMethod = delete@RentalDaoJdbcImplTest, testException = [null], mergedContextConfiguration = [MergedContextConfiguration@2c227f74 testClass = RentalDaoJdbcImplTest, locations = '{classpath*:test-db.xml, classpath*:test-dao.xml}', classes = '{}', contextInitializerClasses = '[]', activeProfiles = '{}', propertySourceLocations = '{}', propertySourceProperties = '{}', contextCustomizers = set[[empty]], contextLoader = 'org.springframework.test.context.support.DelegatingSmartContextLoader', parent = [null]], attributes = map[[empty]]], class annotated with @DirtiesContext [false] with mode [null], method annotated with @DirtiesContext [false] with mode [null].
18:12:58.216 [main] DEBUG o.s.t.c.t.TransactionalTestExecutionListener - Explicit transaction definition [PROPAGATION_REQUIRED,ISOLATION_DEFAULT] found for test context [DefaultTestContext@62b92df8 testClass = RentalDaoJdbcImplTest, testInstance = com.epam.brest.summer.courses2019.dao.RentalDaoJdbcImplTest@59e285e, testMethod = delete@RentalDaoJdbcImplTest, testException = [null], mergedContextConfiguration = [MergedContextConfiguration@2c227f74 testClass = RentalDaoJdbcImplTest, locations = '{classpath*:test-db.xml, classpath*:test-dao.xml}', classes = '{}', contextInitializerClasses = '[]', activeProfiles = '{}', propertySourceLocations = '{}', propertySourceProperties = '{}', contextCustomizers = set[[empty]], contextLoader = 'org.springframework.test.context.support.DelegatingSmartContextLoader', parent = [null]], attributes = map[[empty]]]
18:12:58.216 [main] DEBUG o.s.t.c.c.DefaultCacheAwareContextLoaderDelegate - Retrieved ApplicationContext from cache with key [[MergedContextConfiguration@2c227f74 testClass = RentalDaoJdbcImplTest, locations = '{classpath*:test-db.xml, classpath*:test-dao.xml}', classes = '{}', contextInitializerClasses = '[]', activeProfiles = '{}', propertySourceLocations = '{}', propertySourceProperties = '{}', contextCustomizers = set[[empty]], contextLoader = 'org.springframework.test.context.support.DelegatingSmartContextLoader', parent = [null]]]
18:12:58.216 [main] DEBUG o.s.t.c.cache - Spring test ApplicationContext cache statistics: [DefaultContextCache@290def7d size = 1, maxSize = 32, parentContextCount = 0, hitCount = 13, missCount = 1]
18:12:58.217 [main] DEBUG o.s.t.c.t.TransactionalTestExecutionListener - Retrieved default @Rollback(true) for test class [com.epam.brest.summer.courses2019.dao.RentalDaoJdbcImplTest].
18:12:58.217 [main] DEBUG o.s.t.c.t.TransactionalTestExecutionListener - No method-level @Rollback override: using default rollback [true] for test context [DefaultTestContext@62b92df8 testClass = RentalDaoJdbcImplTest, testInstance = com.epam.brest.summer.courses2019.dao.RentalDaoJdbcImplTest@59e285e, testMethod = delete@RentalDaoJdbcImplTest, testException = [null], mergedContextConfiguration = [MergedContextConfiguration@2c227f74 testClass = RentalDaoJdbcImplTest, locations = '{classpath*:test-db.xml, classpath*:test-dao.xml}', classes = '{}', contextInitializerClasses = '[]', activeProfiles = '{}', propertySourceLocations = '{}', propertySourceProperties = '{}', contextCustomizers = set[[empty]], contextLoader = 'org.springframework.test.context.support.DelegatingSmartContextLoader', parent = [null]], attributes = map[[empty]]].
18:12:58.217 [main] DEBUG o.s.j.d.DataSourceTransactionManager - Creating new transaction with name [com.epam.brest.summer.courses2019.dao.RentalDaoJdbcImplTest.delete]: PROPAGATION_REQUIRED,ISOLATION_DEFAULT
18:12:58.217 [main] DEBUG o.s.j.d.DriverManagerDataSource - Creating new JDBC DriverManager Connection to [jdbc:h2:mem:test_db;MODE=MYSQL;DB_CLOSE_DELAY=-1]
18:12:58.218 [main] DEBUG o.s.j.d.DataSourceTransactionManager - Acquired Connection [conn7: url=jdbc:h2:mem:test_db user=SA] for JDBC transaction
18:12:58.218 [main] DEBUG o.s.j.d.DataSourceTransactionManager - Switching JDBC Connection [conn7: url=jdbc:h2:mem:test_db user=SA] to manual commit
18:12:58.219 [main] INFO  o.s.t.c.t.TransactionContext - Began transaction (1) for test context [DefaultTestContext@62b92df8 testClass = RentalDaoJdbcImplTest, testInstance = com.epam.brest.summer.courses2019.dao.RentalDaoJdbcImplTest@59e285e, testMethod = delete@RentalDaoJdbcImplTest, testException = [null], mergedContextConfiguration = [MergedContextConfiguration@2c227f74 testClass = RentalDaoJdbcImplTest, locations = '{classpath*:test-db.xml, classpath*:test-dao.xml}', classes = '{}', contextInitializerClasses = '[]', activeProfiles = '{}', propertySourceLocations = '{}', propertySourceProperties = '{}', contextCustomizers = set[[empty]], contextLoader = 'org.springframework.test.context.support.DelegatingSmartContextLoader', parent = [null]], attributes = map[[empty]]]; transaction manager [org.springframework.jdbc.datasource.DataSourceTransactionManager@2fc6e673]; rollback [true]
18:12:58.219 [main] DEBUG o.s.j.d.DataSourceTransactionManager - Initiating transaction rollback
18:12:58.219 [main] DEBUG o.s.j.d.DataSourceTransactionManager - Rolling back JDBC transaction on Connection [conn7: url=jdbc:h2:mem:test_db user=SA]
18:12:58.220 [main] DEBUG o.s.j.d.DataSourceTransactionManager - Releasing JDBC Connection [conn7: url=jdbc:h2:mem:test_db user=SA] after transaction
18:12:58.220 [main] INFO  o.s.t.c.t.TransactionContext - Rolled back transaction for test: [DefaultTestContext@62b92df8 testClass = RentalDaoJdbcImplTest, testInstance = com.epam.brest.summer.courses2019.dao.RentalDaoJdbcImplTest@59e285e, testMethod = delete@RentalDaoJdbcImplTest, testException = org.springframework.dao.InvalidDataAccessApiUsageException: No value supplied for the SQL parameter 'rentalId': No value registered for key 'rentalId', mergedContextConfiguration = [MergedContextConfiguration@2c227f74 testClass = RentalDaoJdbcImplTest, locations = '{classpath*:test-db.xml, classpath*:test-dao.xml}', classes = '{}', contextInitializerClasses = '[]', activeProfiles = '{}', propertySourceLocations = '{}', propertySourceProperties = '{}', contextCustomizers = set[[empty]], contextLoader = 'org.springframework.test.context.support.DelegatingSmartContextLoader', parent = [null]], attributes = map[[empty]]]
18:12:58.221 [main] DEBUG o.s.t.c.s.AbstractDirtiesContextTestExecutionListener - After test method: context [DefaultTestContext@62b92df8 testClass = RentalDaoJdbcImplTest, testInstance = com.epam.brest.summer.courses2019.dao.RentalDaoJdbcImplTest@59e285e, testMethod = delete@RentalDaoJdbcImplTest, testException = org.springframework.dao.InvalidDataAccessApiUsageException: No value supplied for the SQL parameter 'rentalId': No value registered for key 'rentalId', mergedContextConfiguration = [MergedContextConfiguration@2c227f74 testClass = RentalDaoJdbcImplTest, locations = '{classpath*:test-db.xml, classpath*:test-dao.xml}', classes = '{}', contextInitializerClasses = '[]', activeProfiles = '{}', propertySourceLocations = '{}', propertySourceProperties = '{}', contextCustomizers = set[[empty]], contextLoader = 'org.springframework.test.context.support.DelegatingSmartContextLoader', parent = [null]], attributes = map[[empty]]], class annotated with @DirtiesContext [false] with mode [null], method annotated with @DirtiesContext [false] with mode [null].
]]></system-out>
  </testcase>
  <testcase name="findAll" classname="com.epam.brest.summer.courses2019.dao.RentalDaoJdbcImplTest" time="0.007"/>
  <testcase name="update" classname="com.epam.brest.summer.courses2019.dao.RentalDaoJdbcImplTest" time="0.01">
    <error message="No value supplied for the SQL parameter &apos;rentalDays&apos;: Invalid property &apos;rentalDays&apos; of bean class [com.epam.brest.summer.courses2019.model.Rental]: Bean property &apos;rentalDays&apos; is not readable or has an invalid getter method: Does the return type of the getter match the parameter type of the setter?" type="org.springframework.dao.InvalidDataAccessApiUsageException">org.springframework.dao.InvalidDataAccessApiUsageException: No value supplied for the SQL parameter 'rentalDays': Invalid property 'rentalDays' of bean class [com.epam.brest.summer.courses2019.model.Rental]: Bean property 'rentalDays' is not readable or has an invalid getter method: Does the return type of the getter match the parameter type of the setter?
	at com.epam.brest.summer.courses2019.dao.RentalDaoJdbcImplTest.update(RentalDaoJdbcImplTest.java:64)
</error>
    <system-out><![CDATA[18:12:58.230 [main] DEBUG o.s.t.a.ProfileValueUtils - Retrieved @ProfileValueSourceConfiguration [null] for test class [com.epam.brest.summer.courses2019.dao.RentalDaoJdbcImplTest]
18:12:58.230 [main] DEBUG o.s.t.a.ProfileValueUtils - Retrieved ProfileValueSource type [class org.springframework.test.annotation.SystemProfileValueSource] for class [com.epam.brest.summer.courses2019.dao.RentalDaoJdbcImplTest]
18:12:58.230 [main] DEBUG o.s.t.c.s.DependencyInjectionTestExecutionListener - Performing dependency injection for test context [[DefaultTestContext@62b92df8 testClass = RentalDaoJdbcImplTest, testInstance = com.epam.brest.summer.courses2019.dao.RentalDaoJdbcImplTest@3a0f0552, testMethod = [null], testException = [null], mergedContextConfiguration = [MergedContextConfiguration@2c227f74 testClass = RentalDaoJdbcImplTest, locations = '{classpath*:test-db.xml, classpath*:test-dao.xml}', classes = '{}', contextInitializerClasses = '[]', activeProfiles = '{}', propertySourceLocations = '{}', propertySourceProperties = '{}', contextCustomizers = set[[empty]], contextLoader = 'org.springframework.test.context.support.DelegatingSmartContextLoader', parent = [null]], attributes = map[[empty]]]].
18:12:58.230 [main] DEBUG o.s.t.c.c.DefaultCacheAwareContextLoaderDelegate - Retrieved ApplicationContext from cache with key [[MergedContextConfiguration@2c227f74 testClass = RentalDaoJdbcImplTest, locations = '{classpath*:test-db.xml, classpath*:test-dao.xml}', classes = '{}', contextInitializerClasses = '[]', activeProfiles = '{}', propertySourceLocations = '{}', propertySourceProperties = '{}', contextCustomizers = set[[empty]], contextLoader = 'org.springframework.test.context.support.DelegatingSmartContextLoader', parent = [null]]]
18:12:58.230 [main] DEBUG o.s.t.c.cache - Spring test ApplicationContext cache statistics: [DefaultContextCache@290def7d size = 1, maxSize = 32, parentContextCount = 0, hitCount = 16, missCount = 1]
18:12:58.231 [main] DEBUG o.s.t.c.s.AbstractDirtiesContextTestExecutionListener - Before test method: context [DefaultTestContext@62b92df8 testClass = RentalDaoJdbcImplTest, testInstance = com.epam.brest.summer.courses2019.dao.RentalDaoJdbcImplTest@3a0f0552, testMethod = update@RentalDaoJdbcImplTest, testException = [null], mergedContextConfiguration = [MergedContextConfiguration@2c227f74 testClass = RentalDaoJdbcImplTest, locations = '{classpath*:test-db.xml, classpath*:test-dao.xml}', classes = '{}', contextInitializerClasses = '[]', activeProfiles = '{}', propertySourceLocations = '{}', propertySourceProperties = '{}', contextCustomizers = set[[empty]], contextLoader = 'org.springframework.test.context.support.DelegatingSmartContextLoader', parent = [null]], attributes = map[[empty]]], class annotated with @DirtiesContext [false] with mode [null], method annotated with @DirtiesContext [false] with mode [null].
18:12:58.232 [main] DEBUG o.s.t.c.t.TransactionalTestExecutionListener - Explicit transaction definition [PROPAGATION_REQUIRED,ISOLATION_DEFAULT] found for test context [DefaultTestContext@62b92df8 testClass = RentalDaoJdbcImplTest, testInstance = com.epam.brest.summer.courses2019.dao.RentalDaoJdbcImplTest@3a0f0552, testMethod = update@RentalDaoJdbcImplTest, testException = [null], mergedContextConfiguration = [MergedContextConfiguration@2c227f74 testClass = RentalDaoJdbcImplTest, locations = '{classpath*:test-db.xml, classpath*:test-dao.xml}', classes = '{}', contextInitializerClasses = '[]', activeProfiles = '{}', propertySourceLocations = '{}', propertySourceProperties = '{}', contextCustomizers = set[[empty]], contextLoader = 'org.springframework.test.context.support.DelegatingSmartContextLoader', parent = [null]], attributes = map[[empty]]]
18:12:58.232 [main] DEBUG o.s.t.c.c.DefaultCacheAwareContextLoaderDelegate - Retrieved ApplicationContext from cache with key [[MergedContextConfiguration@2c227f74 testClass = RentalDaoJdbcImplTest, locations = '{classpath*:test-db.xml, classpath*:test-dao.xml}', classes = '{}', contextInitializerClasses = '[]', activeProfiles = '{}', propertySourceLocations = '{}', propertySourceProperties = '{}', contextCustomizers = set[[empty]], contextLoader = 'org.springframework.test.context.support.DelegatingSmartContextLoader', parent = [null]]]
18:12:58.232 [main] DEBUG o.s.t.c.cache - Spring test ApplicationContext cache statistics: [DefaultContextCache@290def7d size = 1, maxSize = 32, parentContextCount = 0, hitCount = 17, missCount = 1]
18:12:58.232 [main] DEBUG o.s.t.c.t.TransactionalTestExecutionListener - Retrieved default @Rollback(true) for test class [com.epam.brest.summer.courses2019.dao.RentalDaoJdbcImplTest].
18:12:58.232 [main] DEBUG o.s.t.c.t.TransactionalTestExecutionListener - No method-level @Rollback override: using default rollback [true] for test context [DefaultTestContext@62b92df8 testClass = RentalDaoJdbcImplTest, testInstance = com.epam.brest.summer.courses2019.dao.RentalDaoJdbcImplTest@3a0f0552, testMethod = update@RentalDaoJdbcImplTest, testException = [null], mergedContextConfiguration = [MergedContextConfiguration@2c227f74 testClass = RentalDaoJdbcImplTest, locations = '{classpath*:test-db.xml, classpath*:test-dao.xml}', classes = '{}', contextInitializerClasses = '[]', activeProfiles = '{}', propertySourceLocations = '{}', propertySourceProperties = '{}', contextCustomizers = set[[empty]], contextLoader = 'org.springframework.test.context.support.DelegatingSmartContextLoader', parent = [null]], attributes = map[[empty]]].
18:12:58.233 [main] DEBUG o.s.j.d.DataSourceTransactionManager - Creating new transaction with name [com.epam.brest.summer.courses2019.dao.RentalDaoJdbcImplTest.update]: PROPAGATION_REQUIRED,ISOLATION_DEFAULT
18:12:58.233 [main] DEBUG o.s.j.d.DriverManagerDataSource - Creating new JDBC DriverManager Connection to [jdbc:h2:mem:test_db;MODE=MYSQL;DB_CLOSE_DELAY=-1]
18:12:58.233 [main] DEBUG o.s.j.d.DataSourceTransactionManager - Acquired Connection [conn9: url=jdbc:h2:mem:test_db user=SA] for JDBC transaction
18:12:58.233 [main] DEBUG o.s.j.d.DataSourceTransactionManager - Switching JDBC Connection [conn9: url=jdbc:h2:mem:test_db user=SA] to manual commit
18:12:58.234 [main] INFO  o.s.t.c.t.TransactionContext - Began transaction (1) for test context [DefaultTestContext@62b92df8 testClass = RentalDaoJdbcImplTest, testInstance = com.epam.brest.summer.courses2019.dao.RentalDaoJdbcImplTest@3a0f0552, testMethod = update@RentalDaoJdbcImplTest, testException = [null], mergedContextConfiguration = [MergedContextConfiguration@2c227f74 testClass = RentalDaoJdbcImplTest, locations = '{classpath*:test-db.xml, classpath*:test-dao.xml}', classes = '{}', contextInitializerClasses = '[]', activeProfiles = '{}', propertySourceLocations = '{}', propertySourceProperties = '{}', contextCustomizers = set[[empty]], contextLoader = 'org.springframework.test.context.support.DelegatingSmartContextLoader', parent = [null]], attributes = map[[empty]]]; transaction manager [org.springframework.jdbc.datasource.DataSourceTransactionManager@2fc6e673]; rollback [true]
18:12:58.235 [main] DEBUG o.s.j.c.JdbcTemplate - Executing prepared SQL query
18:12:58.235 [main] DEBUG o.s.j.c.JdbcTemplate - Executing prepared SQL statement [select rental_id, rental_rate, car_id from rental where rental_id = ?]
18:12:58.236 [main] DEBUG o.s.j.c.BeanPropertyRowMapper - Mapping column 'RENTAL_ID' to property 'rentalId' of type 'java.lang.Integer'
18:12:58.237 [main] DEBUG o.s.j.c.BeanPropertyRowMapper - Mapping column 'RENTAL_RATE' to property 'rentalRate' of type 'java.lang.String'
18:12:58.237 [main] DEBUG o.s.j.c.BeanPropertyRowMapper - Mapping column 'CAR_ID' to property 'carId' of type 'java.lang.Integer'
18:12:58.239 [main] DEBUG o.s.j.d.DataSourceTransactionManager - Initiating transaction rollback
18:12:58.239 [main] DEBUG o.s.j.d.DataSourceTransactionManager - Rolling back JDBC transaction on Connection [conn9: url=jdbc:h2:mem:test_db user=SA]
18:12:58.239 [main] DEBUG o.s.j.d.DataSourceTransactionManager - Releasing JDBC Connection [conn9: url=jdbc:h2:mem:test_db user=SA] after transaction
18:12:58.239 [main] INFO  o.s.t.c.t.TransactionContext - Rolled back transaction for test: [DefaultTestContext@62b92df8 testClass = RentalDaoJdbcImplTest, testInstance = com.epam.brest.summer.courses2019.dao.RentalDaoJdbcImplTest@3a0f0552, testMethod = update@RentalDaoJdbcImplTest, testException = org.springframework.dao.InvalidDataAccessApiUsageException: No value supplied for the SQL parameter 'rentalDays': Invalid property 'rentalDays' of bean class [com.epam.brest.summer.courses2019.model.Rental]: Bean property 'rentalDays' is not readable or has an invalid getter method: Does the return type of the getter match the parameter type of the setter?, mergedContextConfiguration = [MergedContextConfiguration@2c227f74 testClass = RentalDaoJdbcImplTest, locations = '{classpath*:test-db.xml, classpath*:test-dao.xml}', classes = '{}', contextInitializerClasses = '[]', activeProfiles = '{}', propertySourceLocations = '{}', propertySourceProperties = '{}', contextCustomizers = set[[empty]], contextLoader = 'org.springframework.test.context.support.DelegatingSmartContextLoader', parent = [null]], attributes = map[[empty]]]
18:12:58.240 [main] DEBUG o.s.t.c.s.AbstractDirtiesContextTestExecutionListener - After test method: context [DefaultTestContext@62b92df8 testClass = RentalDaoJdbcImplTest, testInstance = com.epam.brest.summer.courses2019.dao.RentalDaoJdbcImplTest@3a0f0552, testMethod = update@RentalDaoJdbcImplTest, testException = org.springframework.dao.InvalidDataAccessApiUsageException: No value supplied for the SQL parameter 'rentalDays': Invalid property 'rentalDays' of bean class [com.epam.brest.summer.courses2019.model.Rental]: Bean property 'rentalDays' is not readable or has an invalid getter method: Does the return type of the getter match the parameter type of the setter?, mergedContextConfiguration = [MergedContextConfiguration@2c227f74 testClass = RentalDaoJdbcImplTest, locations = '{classpath*:test-db.xml, classpath*:test-dao.xml}', classes = '{}', contextInitializerClasses = '[]', activeProfiles = '{}', propertySourceLocations = '{}', propertySourceProperties = '{}', contextCustomizers = set[[empty]], contextLoader = 'org.springframework.test.context.support.DelegatingSmartContextLoader', parent = [null]], attributes = map[[empty]]], class annotated with @DirtiesContext [false] with mode [null], method annotated with @DirtiesContext [false] with mode [null].
]]></system-out>
  </testcase>
  <testcase name="findById" classname="com.epam.brest.summer.courses2019.dao.RentalDaoJdbcImplTest" time="0.007"/>
  <testcase name="add" classname="com.epam.brest.summer.courses2019.dao.RentalDaoJdbcImplTest" time="0.006">
    <error message="No value supplied for the SQL parameter &apos;rentalId&apos;: No value registered for key &apos;rentalId&apos;" type="org.springframework.dao.InvalidDataAccessApiUsageException">org.springframework.dao.InvalidDataAccessApiUsageException: No value supplied for the SQL parameter 'rentalId': No value registered for key 'rentalId'
	at com.epam.brest.summer.courses2019.dao.RentalDaoJdbcImplTest.add(RentalDaoJdbcImplTest.java:53)
</error>
    <system-out><![CDATA[18:12:58.249 [main] DEBUG o.s.t.a.ProfileValueUtils - Retrieved @ProfileValueSourceConfiguration [null] for test class [com.epam.brest.summer.courses2019.dao.RentalDaoJdbcImplTest]
18:12:58.249 [main] DEBUG o.s.t.a.ProfileValueUtils - Retrieved ProfileValueSource type [class org.springframework.test.annotation.SystemProfileValueSource] for class [com.epam.brest.summer.courses2019.dao.RentalDaoJdbcImplTest]
18:12:58.249 [main] DEBUG o.s.t.c.s.DependencyInjectionTestExecutionListener - Performing dependency injection for test context [[DefaultTestContext@62b92df8 testClass = RentalDaoJdbcImplTest, testInstance = com.epam.brest.summer.courses2019.dao.RentalDaoJdbcImplTest@3035b9e6, testMethod = [null], testException = [null], mergedContextConfiguration = [MergedContextConfiguration@2c227f74 testClass = RentalDaoJdbcImplTest, locations = '{classpath*:test-db.xml, classpath*:test-dao.xml}', classes = '{}', contextInitializerClasses = '[]', activeProfiles = '{}', propertySourceLocations = '{}', propertySourceProperties = '{}', contextCustomizers = set[[empty]], contextLoader = 'org.springframework.test.context.support.DelegatingSmartContextLoader', parent = [null]], attributes = map[[empty]]]].
18:12:58.249 [main] DEBUG o.s.t.c.c.DefaultCacheAwareContextLoaderDelegate - Retrieved ApplicationContext from cache with key [[MergedContextConfiguration@2c227f74 testClass = RentalDaoJdbcImplTest, locations = '{classpath*:test-db.xml, classpath*:test-dao.xml}', classes = '{}', contextInitializerClasses = '[]', activeProfiles = '{}', propertySourceLocations = '{}', propertySourceProperties = '{}', contextCustomizers = set[[empty]], contextLoader = 'org.springframework.test.context.support.DelegatingSmartContextLoader', parent = [null]]]
18:12:58.249 [main] DEBUG o.s.t.c.cache - Spring test ApplicationContext cache statistics: [DefaultContextCache@290def7d size = 1, maxSize = 32, parentContextCount = 0, hitCount = 20, missCount = 1]
18:12:58.250 [main] DEBUG o.s.t.c.s.AbstractDirtiesContextTestExecutionListener - Before test method: context [DefaultTestContext@62b92df8 testClass = RentalDaoJdbcImplTest, testInstance = com.epam.brest.summer.courses2019.dao.RentalDaoJdbcImplTest@3035b9e6, testMethod = add@RentalDaoJdbcImplTest, testException = [null], mergedContextConfiguration = [MergedContextConfiguration@2c227f74 testClass = RentalDaoJdbcImplTest, locations = '{classpath*:test-db.xml, classpath*:test-dao.xml}', classes = '{}', contextInitializerClasses = '[]', activeProfiles = '{}', propertySourceLocations = '{}', propertySourceProperties = '{}', contextCustomizers = set[[empty]], contextLoader = 'org.springframework.test.context.support.DelegatingSmartContextLoader', parent = [null]], attributes = map[[empty]]], class annotated with @DirtiesContext [false] with mode [null], method annotated with @DirtiesContext [false] with mode [null].
18:12:58.250 [main] DEBUG o.s.t.c.t.TransactionalTestExecutionListener - Explicit transaction definition [PROPAGATION_REQUIRED,ISOLATION_DEFAULT] found for test context [DefaultTestContext@62b92df8 testClass = RentalDaoJdbcImplTest, testInstance = com.epam.brest.summer.courses2019.dao.RentalDaoJdbcImplTest@3035b9e6, testMethod = add@RentalDaoJdbcImplTest, testException = [null], mergedContextConfiguration = [MergedContextConfiguration@2c227f74 testClass = RentalDaoJdbcImplTest, locations = '{classpath*:test-db.xml, classpath*:test-dao.xml}', classes = '{}', contextInitializerClasses = '[]', activeProfiles = '{}', propertySourceLocations = '{}', propertySourceProperties = '{}', contextCustomizers = set[[empty]], contextLoader = 'org.springframework.test.context.support.DelegatingSmartContextLoader', parent = [null]], attributes = map[[empty]]]
18:12:58.251 [main] DEBUG o.s.t.c.c.DefaultCacheAwareContextLoaderDelegate - Retrieved ApplicationContext from cache with key [[MergedContextConfiguration@2c227f74 testClass = RentalDaoJdbcImplTest, locations = '{classpath*:test-db.xml, classpath*:test-dao.xml}', classes = '{}', contextInitializerClasses = '[]', activeProfiles = '{}', propertySourceLocations = '{}', propertySourceProperties = '{}', contextCustomizers = set[[empty]], contextLoader = 'org.springframework.test.context.support.DelegatingSmartContextLoader', parent = [null]]]
18:12:58.251 [main] DEBUG o.s.t.c.cache - Spring test ApplicationContext cache statistics: [DefaultContextCache@290def7d size = 1, maxSize = 32, parentContextCount = 0, hitCount = 21, missCount = 1]
18:12:58.251 [main] DEBUG o.s.t.c.t.TransactionalTestExecutionListener - Retrieved default @Rollback(true) for test class [com.epam.brest.summer.courses2019.dao.RentalDaoJdbcImplTest].
18:12:58.251 [main] DEBUG o.s.t.c.t.TransactionalTestExecutionListener - No method-level @Rollback override: using default rollback [true] for test context [DefaultTestContext@62b92df8 testClass = RentalDaoJdbcImplTest, testInstance = com.epam.brest.summer.courses2019.dao.RentalDaoJdbcImplTest@3035b9e6, testMethod = add@RentalDaoJdbcImplTest, testException = [null], mergedContextConfiguration = [MergedContextConfiguration@2c227f74 testClass = RentalDaoJdbcImplTest, locations = '{classpath*:test-db.xml, classpath*:test-dao.xml}', classes = '{}', contextInitializerClasses = '[]', activeProfiles = '{}', propertySourceLocations = '{}', propertySourceProperties = '{}', contextCustomizers = set[[empty]], contextLoader = 'org.springframework.test.context.support.DelegatingSmartContextLoader', parent = [null]], attributes = map[[empty]]].
18:12:58.251 [main] DEBUG o.s.j.d.DataSourceTransactionManager - Creating new transaction with name [com.epam.brest.summer.courses2019.dao.RentalDaoJdbcImplTest.add]: PROPAGATION_REQUIRED,ISOLATION_DEFAULT
18:12:58.252 [main] DEBUG o.s.j.d.DriverManagerDataSource - Creating new JDBC DriverManager Connection to [jdbc:h2:mem:test_db;MODE=MYSQL;DB_CLOSE_DELAY=-1]
18:12:58.252 [main] DEBUG o.s.j.d.DataSourceTransactionManager - Acquired Connection [conn11: url=jdbc:h2:mem:test_db user=SA] for JDBC transaction
18:12:58.252 [main] DEBUG o.s.j.d.DataSourceTransactionManager - Switching JDBC Connection [conn11: url=jdbc:h2:mem:test_db user=SA] to manual commit
18:12:58.252 [main] INFO  o.s.t.c.t.TransactionContext - Began transaction (1) for test context [DefaultTestContext@62b92df8 testClass = RentalDaoJdbcImplTest, testInstance = com.epam.brest.summer.courses2019.dao.RentalDaoJdbcImplTest@3035b9e6, testMethod = add@RentalDaoJdbcImplTest, testException = [null], mergedContextConfiguration = [MergedContextConfiguration@2c227f74 testClass = RentalDaoJdbcImplTest, locations = '{classpath*:test-db.xml, classpath*:test-dao.xml}', classes = '{}', contextInitializerClasses = '[]', activeProfiles = '{}', propertySourceLocations = '{}', propertySourceProperties = '{}', contextCustomizers = set[[empty]], contextLoader = 'org.springframework.test.context.support.DelegatingSmartContextLoader', parent = [null]], attributes = map[[empty]]]; transaction manager [org.springframework.jdbc.datasource.DataSourceTransactionManager@2fc6e673]; rollback [true]
18:12:58.253 [main] DEBUG o.s.j.c.JdbcTemplate - Executing prepared SQL query
18:12:58.253 [main] DEBUG o.s.j.c.JdbcTemplate - Executing prepared SQL statement [select rental_id, rental_rate, car_id from rental order by 1]
18:12:58.254 [main] DEBUG o.s.j.d.DataSourceTransactionManager - Initiating transaction rollback
18:12:58.254 [main] DEBUG o.s.j.d.DataSourceTransactionManager - Rolling back JDBC transaction on Connection [conn11: url=jdbc:h2:mem:test_db user=SA]
18:12:58.254 [main] DEBUG o.s.j.d.DataSourceTransactionManager - Releasing JDBC Connection [conn11: url=jdbc:h2:mem:test_db user=SA] after transaction
18:12:58.255 [main] INFO  o.s.t.c.t.TransactionContext - Rolled back transaction for test: [DefaultTestContext@62b92df8 testClass = RentalDaoJdbcImplTest, testInstance = com.epam.brest.summer.courses2019.dao.RentalDaoJdbcImplTest@3035b9e6, testMethod = add@RentalDaoJdbcImplTest, testException = org.springframework.dao.InvalidDataAccessApiUsageException: No value supplied for the SQL parameter 'rentalId': No value registered for key 'rentalId', mergedContextConfiguration = [MergedContextConfiguration@2c227f74 testClass = RentalDaoJdbcImplTest, locations = '{classpath*:test-db.xml, classpath*:test-dao.xml}', classes = '{}', contextInitializerClasses = '[]', activeProfiles = '{}', propertySourceLocations = '{}', propertySourceProperties = '{}', contextCustomizers = set[[empty]], contextLoader = 'org.springframework.test.context.support.DelegatingSmartContextLoader', parent = [null]], attributes = map[[empty]]]
18:12:58.255 [main] DEBUG o.s.t.c.s.AbstractDirtiesContextTestExecutionListener - After test method: context [DefaultTestContext@62b92df8 testClass = RentalDaoJdbcImplTest, testInstance = com.epam.brest.summer.courses2019.dao.RentalDaoJdbcImplTest@3035b9e6, testMethod = add@RentalDaoJdbcImplTest, testException = org.springframework.dao.InvalidDataAccessApiUsageException: No value supplied for the SQL parameter 'rentalId': No value registered for key 'rentalId', mergedContextConfiguration = [MergedContextConfiguration@2c227f74 testClass = RentalDaoJdbcImplTest, locations = '{classpath*:test-db.xml, classpath*:test-dao.xml}', classes = '{}', contextInitializerClasses = '[]', activeProfiles = '{}', propertySourceLocations = '{}', propertySourceProperties = '{}', contextCustomizers = set[[empty]], contextLoader = 'org.springframework.test.context.support.DelegatingSmartContextLoader', parent = [null]], attributes = map[[empty]]], class annotated with @DirtiesContext [false] with mode [null], method annotated with @DirtiesContext [false] with mode [null].
]]></system-out>
  </testcase>
  <testcase name="findByCarId" classname="com.epam.brest.summer.courses2019.dao.RentalDaoJdbcImplTest" time="0.006"/>
</testsuite>